2025-10-19 16:22:49 INFO     Logging started ...
2025-10-19 16:23:25 INFO     Logging started ...
2025-10-19 16:24:22 INFO     Logging started ...
2025-10-19 16:24:53 INFO     Logging started ...
2025-10-19 16:26:08 INFO     Logging started ...
2025-10-19 16:26:54 INFO     Logging started ...
2025-10-19 16:26:58 INFO     Logging started ...
2025-10-19 16:27:16 INFO     Logging started ...
2025-10-19 16:28:15 INFO     Logging started ...
2025-10-19 16:28:23 INFO     Logging started ...
2025-10-19 16:30:09 INFO     Logging started ...
2025-10-19 16:30:26 INFO     Logging started ...
2025-10-19 16:30:39 INFO     Logging started ...
2025-10-19 16:30:40 INFO     Added task nr: 1 with name: "asd" 
2025-10-19 16:31:08 INFO     Logging started ...
2025-10-19 16:31:53 INFO     Logging started ...
2025-10-19 16:39:32 INFO     Logging started ...
2025-10-19 16:39:35 INFO     Added task nr: 1 with name: "asd" 
2025-10-19 16:41:50 INFO     Added task nr: 1 with name: "asdasd" 
2025-10-19 16:45:37 INFO     Logging started ...
2025-10-19 17:03:26 INFO     Logging started ...
2025-10-19 23:16:36 INFO     Logging started ...
2025-10-19 23:16:54 INFO     Added task nr: 1 with name: "kupic piwop" 
2025-10-19 23:23:54 INFO     Logging started ...
2025-10-19 23:24:15 INFO     Added task nr: 1 with name: "kiss my gf" 
2025-10-20 12:32:06 INFO     Logging started ...
